<?xml version="1.0" encoding="UTF-8"?>
<!-- Generated by org.testng.reporters.JUnitXMLReporter -->
<testsuite ignored="0" hostname="MR-EAJYNIA-01" failures="1" tests="1" name="wendiver_test" time="8.909" errors="0" timestamp="2020-05-22T15:13:11 CST">
  <testcase classname="Testng_01.Webdriver_01" name="case1" time="5.276">
    <failure type="java.lang.IllegalMonitorStateException" message="current thread is not owner">
      <![CDATA[java.lang.IllegalMonitorStateException: current thread is not owner
at java.base/java.lang.Object.wait(Native Method)
at Testng_01.Webdriver_01.case1(Webdriver_01.java:28)
at java.base/java.util.ArrayList.forEach(ArrayList.java:1510)
... Removed 27 stack frames]]>
    </failure>
  </testcase> <!-- case1 -->
</testsuite> <!-- wendiver_test -->
